# JRE version: OpenJDK Runtime Environment Temurin-21.0.10+7 (21.0.10+7) (build 21.0.10+7-LTS)
# Java VM: OpenJDK 64-Bit Server VM Temurin-21.0.10+7 (21.0.10+7-LTS, mixed mode, sharing, tiered, compressed oops, compressed class ptrs, parallel gc, windows-amd64)
GC Precious Log:
 CardTable entry size: 512
 CPUs: 12 total, 12 available
 Memory: 7916M
 Large Page Support: Disabled
 NUMA Support: Disabled
 Compressed Oops: Enabled (32-bit)
 Alignments: Space 512K, Generation 512K, Heap 2M
 Heap Min Capacity: 100M
 Heap Initial Capacity: 100M
 Heap Max Capacity: 2G
 Pre-touch: Disabled
 Parallel Workers: 10
Heap:
 PSYoungGen      total 3584K, used 1223K [0x00000000d5580000, 0x00000000d5a00000, 0x0000000100000000)
  eden space 3072K, 28% used [0x00000000d5580000,0x00000000d5659fb8,0x00000000d5880000)
  from space 512K, 68% used [0x00000000d5980000,0x00000000d59d8000,0x00000000d5a00000)
  to   space 512K, 0% used [0x00000000d5880000,0x00000000d5880000,0x00000000d5900000)
 ParOldGen       total 251904K, used 175445K [0x0000000080000000, 0x000000008f600000, 0x00000000d5580000)
  object space 251904K, 69% used [0x0000000080000000,0x000000008ab556c8,0x000000008f600000)
 Metaspace       used 87897K, committed 89472K, reserved 1179648K
  class space    used 9720K, committed 10432K, reserved 1048576K
GC Heap History (20 events):
Event: 4696.797 GC heap before
{Heap before GC invocations=421 (full 4):
 PSYoungGen      total 4096K, used 3899K [0x00000000d5580000, 0x00000000d5a80000, 0x0000000100000000)
  eden space 3584K, 99% used [0x00000000d5580000,0x00000000d58fed48,0x00000000d5900000)
  from space 512K, 62% used [0x00000000d5a00000,0x00000000d5a50000,0x00000000d5a80000)
  to   space 512K, 0% used [0x00000000d5980000,0x00000000d5980000,0x00000000d5a00000)
 ParOldGen       total 251904K, used 173457K [0x0000000080000000, 0x000000008f600000, 0x00000000d5580000)
  object space 251904K, 68% used [0x0000000080000000,0x000000008a964448,0x000000008f600000)
 Metaspace       used 85667K, committed 87488K, reserved 1179648K
  class space    used 9369K, committed 10304K, reserved 1048576K
}
Event: 4696.831 GC heap after
{Heap after GC invocations=421 (full 4):
 PSYoungGen      total 4096K, used 320K [0x00000000d5580000, 0x00000000d5a80000, 0x0000000100000000)
  eden space 3584K, 0% used [0x00000000d5580000,0x00000000d5580000,0x00000000d5900000)
  from space 512K, 62% used [0x00000000d5980000,0x00000000d59d0000,0x00000000d5a00000)
  to   space 512K, 0% used [0x00000000d5a00000,0x00000000d5a00000,0x00000000d5a80000)
 ParOldGen       total 251904K, used 173481K [0x0000000080000000, 0x000000008f600000, 0x00000000d5580000)
  object space 251904K, 68% used [0x0000000080000000,0x000000008a96a448,0x000000008f600000)
 Metaspace       used 85667K, committed 87488K, reserved 1179648K
  class space    used 9369K, committed 10304K, reserved 1048576K
}
Event: 4700.607 GC heap before
{Heap before GC invocations=422 (full 4):
 PSYoungGen      total 4096K, used 3900K [0x00000000d5580000, 0x00000000d5a80000, 0x0000000100000000)
  eden space 3584K, 99% used [0x00000000d5580000,0x00000000d58ff380,0x00000000d5900000)
  from space 512K, 62% used [0x00000000d5980000,0x00000000d59d0000,0x00000000d5a00000)
  to   space 512K, 0% used [0x00000000d5a00000,0x00000000d5a00000,0x00000000d5a80000)
 ParOldGen       total 251904K, used 173481K [0x0000000080000000, 0x000000008f600000, 0x00000000d5580000)
  object space 251904K, 68% used [0x0000000080000000,0x000000008a96a448,0x000000008f600000)
 Metaspace       used 85923K, committed 87680K, reserved 1179648K
  class space    used 9412K, committed 10304K, reserved 1048576K
}
Event: 4700.620 GC heap after
{Heap after GC invocations=422 (full 4):
 PSYoungGen      total 4096K, used 384K [0x00000000d5580000, 0x00000000d5a80000, 0x0000000100000000)
  eden space 3584K, 0% used [0x00000000d5580000,0x00000000d5580000,0x00000000d5900000)
  from space 512K, 75% used [0x00000000d5a00000,0x00000000d5a60000,0x00000000d5a80000)
  to   space 512K, 0% used [0x00000000d5980000,0x00000000d5980000,0x00000000d5a00000)
 ParOldGen       total 251904K, used 173657K [0x0000000080000000, 0x000000008f600000, 0x00000000d5580000)
  object space 251904K, 68% used [0x0000000080000000,0x000000008a996448,0x000000008f600000)
 Metaspace       used 85923K, committed 87680K, reserved 1179648K
  class space    used 9412K, committed 10304K, reserved 1048576K
}
Event: 4702.463 GC heap before
{Heap before GC invocations=423 (full 4):
 PSYoungGen      total 4096K, used 3957K [0x00000000d5580000, 0x00000000d5a80000, 0x0000000100000000)
  eden space 3584K, 99% used [0x00000000d5580000,0x00000000d58fd770,0x00000000d5900000)
  from space 512K, 75% used [0x00000000d5a00000,0x00000000d5a60000,0x00000000d5a80000)
  to   space 512K, 0% used [0x00000000d5980000,0x00000000d5980000,0x00000000d5a00000)
 ParOldGen       total 251904K, used 173657K [0x0000000080000000, 0x000000008f600000, 0x00000000d5580000)
  object space 251904K, 68% used [0x0000000080000000,0x000000008a996448,0x000000008f600000)
 Metaspace       used 86328K, committed 88000K, reserved 1179648K
  class space    used 9477K, committed 10304K, reserved 1048576K
}
Event: 4702.467 GC heap after
{Heap after GC invocations=423 (full 4):
 PSYoungGen      total 4096K, used 256K [0x00000000d5580000, 0x00000000d5a80000, 0x0000000100000000)
  eden space 3584K, 0% used [0x00000000d5580000,0x00000000d5580000,0x00000000d5900000)
  from space 512K, 50% used [0x00000000d5980000,0x00000000d59c0000,0x00000000d5a00000)
  to   space 512K, 0% used [0x00000000d5a00000,0x00000000d5a00000,0x00000000d5a80000)
 ParOldGen       total 251904K, used 173841K [0x0000000080000000, 0x000000008f600000, 0x00000000d5580000)
  object space 251904K, 69% used [0x0000000080000000,0x000000008a9c4448,0x000000008f600000)
 Metaspace       used 86328K, committed 88000K, reserved 1179648K
  class space    used 9477K, committed 10304K, reserved 1048576K
}
Event: 4706.534 GC heap before
{Heap before GC invocations=424 (full 4):
 PSYoungGen      total 4096K, used 3838K [0x00000000d5580000, 0x00000000d5a80000, 0x0000000100000000)
  eden space 3584K, 99% used [0x00000000d5580000,0x00000000d58ff928,0x00000000d5900000)
  from space 512K, 50% used [0x00000000d5980000,0x00000000d59c0000,0x00000000d5a00000)
  to   space 512K, 0% used [0x00000000d5a00000,0x00000000d5a00000,0x00000000d5a80000)
 ParOldGen       total 251904K, used 173841K [0x0000000080000000, 0x000000008f600000, 0x00000000d5580000)
  object space 251904K, 69% used [0x0000000080000000,0x000000008a9c4448,0x000000008f600000)
 Metaspace       used 86856K, committed 88448K, reserved 1179648K
  class space    used 9568K, committed 10304K, reserved 1048576K
}
Event: 4706.548 GC heap after
{Heap after GC invocations=424 (full 4):
 PSYoungGen      total 4096K, used 352K [0x00000000d5580000, 0x00000000d5a80000, 0x0000000100000000)
  eden space 3584K, 0% used [0x00000000d5580000,0x00000000d5580000,0x00000000d5900000)
  from space 512K, 68% used [0x00000000d5a00000,0x00000000d5a58000,0x00000000d5a80000)
  to   space 512K, 0% used [0x00000000d5980000,0x00000000d5980000,0x00000000d5a00000)
 ParOldGen       total 251904K, used 173921K [0x0000000080000000, 0x000000008f600000, 0x00000000d5580000)
  object space 251904K, 69% used [0x0000000080000000,0x000000008a9d8448,0x000000008f600000)
 Metaspace       used 86856K, committed 88448K, reserved 1179648K
  class space    used 9568K, committed 10304K, reserved 1048576K
}
Event: 4707.816 GC heap before
{Heap before GC invocations=425 (full 4):
 PSYoungGen      total 4096K, used 3927K [0x00000000d5580000, 0x00000000d5a80000, 0x0000000100000000)
  eden space 3584K, 99% used [0x00000000d5580000,0x00000000d58fdfa0,0x00000000d5900000)
  from space 512K, 68% used [0x00000000d5a00000,0x00000000d5a58000,0x00000000d5a80000)
  to   space 512K, 0% used [0x00000000d5980000,0x00000000d5980000,0x00000000d5a00000)
 ParOldGen       total 251904K, used 173921K [0x0000000080000000, 0x000000008f600000, 0x00000000d5580000)
  object space 251904K, 69% used [0x0000000080000000,0x000000008a9d8448,0x000000008f600000)
 Metaspace       used 87335K, committed 88832K, reserved 1179648K
  class space    used 9640K, committed 10304K, reserved 1048576K
}
Event: 4707.824 GC heap after
{Heap after GC invocations=425 (full 4):
 PSYoungGen      total 4096K, used 288K [0x00000000d5580000, 0x00000000d5a80000, 0x0000000100000000)
  eden space 3584K, 0% used [0x00000000d5580000,0x00000000d5580000,0x00000000d5900000)
  from space 512K, 56% used [0x00000000d5980000,0x00000000d59c8000,0x00000000d5a00000)
  to   space 512K, 0% used [0x00000000d5a00000,0x00000000d5a00000,0x00000000d5a80000)
 ParOldGen       total 251904K, used 174073K [0x0000000080000000, 0x000000008f600000, 0x00000000d5580000)
  object space 251904K, 69% used [0x0000000080000000,0x000000008a9fe448,0x000000008f600000)
 Metaspace       used 87335K, committed 88832K, reserved 1179648K
  class space    used 9640K, committed 10304K, reserved 1048576K
}
Event: 4708.880 GC heap before
{Heap before GC invocations=426 (full 4):
 PSYoungGen      total 4096K, used 3872K [0x00000000d5580000, 0x00000000d5a80000, 0x0000000100000000)
  eden space 3584K, 100% used [0x00000000d5580000,0x00000000d5900000,0x00000000d5900000)
  from space 512K, 56% used [0x00000000d5980000,0x00000000d59c8000,0x00000000d5a00000)
  to   space 512K, 0% used [0x00000000d5a00000,0x00000000d5a00000,0x00000000d5a80000)
 ParOldGen       total 251904K, used 174073K [0x0000000080000000, 0x000000008f600000, 0x00000000d5580000)
  object space 251904K, 69% used [0x0000000080000000,0x000000008a9fe448,0x000000008f600000)
 Metaspace       used 87507K, committed 89024K, reserved 1179648K
  class space    used 9664K, committed 10368K, reserved 1048576K
}
Event: 4708.884 GC heap after
{Heap after GC invocations=426 (full 4):
 PSYoungGen      total 4096K, used 320K [0x00000000d5580000, 0x00000000d5a80000, 0x0000000100000000)
  eden space 3584K, 0% used [0x00000000d5580000,0x00000000d5580000,0x00000000d5900000)
  from space 512K, 62% used [0x00000000d5a00000,0x00000000d5a50000,0x00000000d5a80000)
  to   space 512K, 0% used [0x00000000d5980000,0x00000000d5980000,0x00000000d5a00000)
 ParOldGen       total 251904K, used 174193K [0x0000000080000000, 0x000000008f600000, 0x00000000d5580000)
  object space 251904K, 69% used [0x0000000080000000,0x000000008aa1c458,0x000000008f600000)
 Metaspace       used 87507K, committed 89024K, reserved 1179648K
  class space    used 9664K, committed 10368K, reserved 1048576K
}
Event: 4955.505 GC heap before
{Heap before GC invocations=427 (full 4):
 PSYoungGen      total 4096K, used 3895K [0x00000000d5580000, 0x00000000d5a80000, 0x0000000100000000)
  eden space 3584K, 99% used [0x00000000d5580000,0x00000000d58fdec0,0x00000000d5900000)
  from space 512K, 62% used [0x00000000d5a00000,0x00000000d5a50000,0x00000000d5a80000)
  to   space 512K, 0% used [0x00000000d5980000,0x00000000d5980000,0x00000000d5a00000)
 ParOldGen       total 251904K, used 174193K [0x0000000080000000, 0x000000008f600000, 0x00000000d5580000)
  object space 251904K, 69% used [0x0000000080000000,0x000000008aa1c458,0x000000008f600000)
 Metaspace       used 87656K, committed 89216K, reserved 1179648K
  class space    used 9685K, committed 10368K, reserved 1048576K
}
Event: 4955.595 GC heap after
{Heap after GC invocations=427 (full 4):
 PSYoungGen      total 4096K, used 417K [0x00000000d5580000, 0x00000000d5a80000, 0x0000000100000000)
  eden space 3584K, 0% used [0x00000000d5580000,0x00000000d5580000,0x00000000d5900000)
  from space 512K, 81% used [0x00000000d5980000,0x00000000d59e8520,0x00000000d5a00000)
  to   space 512K, 0% used [0x00000000d5a00000,0x00000000d5a00000,0x00000000d5a80000)
 ParOldGen       total 251904K, used 174281K [0x0000000080000000, 0x000000008f600000, 0x00000000d5580000)
  object space 251904K, 69% used [0x0000000080000000,0x000000008aa32478,0x000000008f600000)
 Metaspace       used 87656K, committed 89216K, reserved 1179648K
  class space    used 9685K, committed 10368K, reserved 1048576K
}
Event: 4956.966 GC heap before
{Heap before GC invocations=428 (full 4):
 PSYoungGen      total 4096K, used 3991K [0x00000000d5580000, 0x00000000d5a80000, 0x0000000100000000)
  eden space 3584K, 99% used [0x00000000d5580000,0x00000000d58fdac8,0x00000000d5900000)
  from space 512K, 81% used [0x00000000d5980000,0x00000000d59e8520,0x00000000d5a00000)
  to   space 512K, 0% used [0x00000000d5a00000,0x00000000d5a00000,0x00000000d5a80000)
 ParOldGen       total 251904K, used 174281K [0x0000000080000000, 0x000000008f600000, 0x00000000d5580000)
  object space 251904K, 69% used [0x0000000080000000,0x000000008aa32478,0x000000008f600000)
 Metaspace       used 87656K, committed 89216K, reserved 1179648K
  class space    used 9685K, committed 10368K, reserved 1048576K
}
Event: 4956.994 GC heap after
{Heap after GC invocations=428 (full 4):
 PSYoungGen      total 3584K, used 496K [0x00000000d5580000, 0x00000000d5c00000, 0x0000000100000000)
  eden space 3072K, 0% used [0x00000000d5580000,0x00000000d5580000,0x00000000d5880000)
  from space 512K, 96% used [0x00000000d5a00000,0x00000000d5a7c010,0x00000000d5a80000)
  to   space 1536K, 0% used [0x00000000d5880000,0x00000000d5880000,0x00000000d5a00000)
 ParOldGen       total 251904K, used 174845K [0x0000000080000000, 0x000000008f600000, 0x00000000d5580000)
  object space 251904K, 69% used [0x0000000080000000,0x000000008aabf6c8,0x000000008f600000)
 Metaspace       used 87656K, committed 89216K, reserved 1179648K
  class space    used 9685K, committed 10368K, reserved 1048576K
}
Event: 4958.597 GC heap before
{Heap before GC invocations=429 (full 4):
 PSYoungGen      total 3584K, used 3568K [0x00000000d5580000, 0x00000000d5c00000, 0x0000000100000000)
  eden space 3072K, 100% used [0x00000000d5580000,0x00000000d5880000,0x00000000d5880000)
  from space 512K, 96% used [0x00000000d5a00000,0x00000000d5a7c010,0x00000000d5a80000)
  to   space 1536K, 0% used [0x00000000d5880000,0x00000000d5880000,0x00000000d5a00000)
 ParOldGen       total 251904K, used 174845K [0x0000000080000000, 0x000000008f600000, 0x00000000d5580000)
  object space 251904K, 69% used [0x0000000080000000,0x000000008aabf6c8,0x000000008f600000)
 Metaspace       used 87753K, committed 89280K, reserved 1179648K
  class space    used 9702K, committed 10368K, reserved 1048576K
}
Event: 4958.600 GC heap after
{Heap after GC invocations=429 (full 4):
 PSYoungGen      total 3584K, used 384K [0x00000000d5580000, 0x00000000d5a80000, 0x0000000100000000)
  eden space 3072K, 0% used [0x00000000d5580000,0x00000000d5580000,0x00000000d5880000)
  from space 512K, 75% used [0x00000000d5880000,0x00000000d58e0000,0x00000000d5900000)
  to   space 1024K, 0% used [0x00000000d5980000,0x00000000d5980000,0x00000000d5a80000)
 ParOldGen       total 251904K, used 175269K [0x0000000080000000, 0x000000008f600000, 0x00000000d5580000)
  object space 251904K, 69% used [0x0000000080000000,0x000000008ab296c8,0x000000008f600000)
 Metaspace       used 87753K, committed 89280K, reserved 1179648K
  class space    used 9702K, committed 10368K, reserved 1048576K
}
Event: 4960.890 GC heap before
{Heap before GC invocations=430 (full 4):
 PSYoungGen      total 3584K, used 3456K [0x00000000d5580000, 0x00000000d5a80000, 0x0000000100000000)
  eden space 3072K, 100% used [0x00000000d5580000,0x00000000d5880000,0x00000000d5880000)
  from space 512K, 75% used [0x00000000d5880000,0x00000000d58e0000,0x00000000d5900000)
  to   space 1024K, 0% used [0x00000000d5980000,0x00000000d5980000,0x00000000d5a80000)
 ParOldGen       total 251904K, used 175269K [0x0000000080000000, 0x000000008f600000, 0x00000000d5580000)
  object space 251904K, 69% used [0x0000000080000000,0x000000008ab296c8,0x000000008f600000)
 Metaspace       used 87896K, committed 89472K, reserved 1179648K
  class space    used 9720K, committed 10432K, reserved 1048576K
}
Event: 4960.896 GC heap after
{Heap after GC invocations=430 (full 4):
 PSYoungGen      total 3584K, used 352K [0x00000000d5580000, 0x00000000d5a00000, 0x0000000100000000)
  eden space 3072K, 0% used [0x00000000d5580000,0x00000000d5580000,0x00000000d5880000)
  from space 512K, 68% used [0x00000000d5980000,0x00000000d59d8000,0x00000000d5a00000)
  to   space 512K, 0% used [0x00000000d5880000,0x00000000d5880000,0x00000000d5900000)
 ParOldGen       total 251904K, used 175445K [0x0000000080000000, 0x000000008f600000, 0x00000000d5580000)
  object space 251904K, 69% used [0x0000000080000000,0x000000008ab556c8,0x000000008f600000)
 Metaspace       used 87896K, committed 89472K, reserved 1179648K
  class space    used 9720K, committed 10432K, reserved 1048576K
}

