# JRE version: OpenJDK Runtime Environment Temurin-21.0.10+7 (21.0.10+7) (build 21.0.10+7-LTS)
# Java VM: OpenJDK 64-Bit Server VM Temurin-21.0.10+7 (21.0.10+7-LTS, mixed mode, sharing, tiered, compressed oops, compressed class ptrs, parallel gc, windows-amd64)
GC Precious Log:
 CardTable entry size: 512
 CPUs: 12 total, 12 available
 Memory: 7916M
 Large Page Support: Disabled
 NUMA Support: Disabled
 Compressed Oops: Enabled (32-bit)
 Alignments: Space 512K, Generation 512K, Heap 2M
 Heap Min Capacity: 100M
 Heap Initial Capacity: 100M
 Heap Max Capacity: 2G
 Pre-touch: Disabled
 Parallel Workers: 10
Heap:
 PSYoungGen      total 7680K, used 2200K [0x00000000d5580000, 0x00000000d5e00000, 0x0000000100000000)
  eden space 6656K, 26% used [0x00000000d5580000,0x00000000d573e080,0x00000000d5c00000)
  from space 1024K, 40% used [0x00000000d5c00000,0x00000000d5c68000,0x00000000d5d00000)
  to   space 512K, 0% used [0x00000000d5d80000,0x00000000d5d80000,0x00000000d5e00000)
 ParOldGen       total 100864K, used 100475K [0x0000000080000000, 0x0000000086280000, 0x00000000d5580000)
  object space 100864K, 99% used [0x0000000080000000,0x000000008621ef08,0x0000000086280000)
 Metaspace       used 78604K, committed 80192K, reserved 1179648K
  class space    used 9337K, committed 10048K, reserved 1048576K
GC Heap History (20 events):
Event: 51.901 GC heap before
{Heap before GC invocations=129 (full 3):
 PSYoungGen      total 7680K, used 7604K [0x00000000d5580000, 0x00000000d5e00000, 0x0000000100000000)
  eden space 7168K, 100% used [0x00000000d5580000,0x00000000d5c80000,0x00000000d5c80000)
  from space 512K, 85% used [0x00000000d5d00000,0x00000000d5d6d148,0x00000000d5d80000)
  to   space 512K, 0% used [0x00000000d5d80000,0x00000000d5d80000,0x00000000d5e00000)
 ParOldGen       total 97792K, used 97532K [0x0000000080000000, 0x0000000085f80000, 0x00000000d5580000)
  object space 97792K, 99% used [0x0000000080000000,0x0000000085f3f108,0x0000000085f80000)
 Metaspace       used 78186K, committed 79744K, reserved 1179648K
  class space    used 9284K, committed 9984K, reserved 1048576K
}
Event: 51.907 GC heap after
{Heap after GC invocations=129 (full 3):
 PSYoungGen      total 7168K, used 502K [0x00000000d5580000, 0x00000000d5f80000, 0x0000000100000000)
  eden space 6656K, 0% used [0x00000000d5580000,0x00000000d5580000,0x00000000d5c00000)
  from space 512K, 98% used [0x00000000d5d80000,0x00000000d5dfdaf8,0x00000000d5e00000)
  to   space 1536K, 0% used [0x00000000d5c00000,0x00000000d5c00000,0x00000000d5d80000)
 ParOldGen       total 98304K, used 98229K [0x0000000080000000, 0x0000000086000000, 0x00000000d5580000)
  object space 98304K, 99% used [0x0000000080000000,0x0000000085fed6b0,0x0000000086000000)
 Metaspace       used 78186K, committed 79744K, reserved 1179648K
  class space    used 9284K, committed 9984K, reserved 1048576K
}
Event: 53.639 GC heap before
{Heap before GC invocations=130 (full 3):
 PSYoungGen      total 7168K, used 7158K [0x00000000d5580000, 0x00000000d5f80000, 0x0000000100000000)
  eden space 6656K, 100% used [0x00000000d5580000,0x00000000d5c00000,0x00000000d5c00000)
  from space 512K, 98% used [0x00000000d5d80000,0x00000000d5dfdaf8,0x00000000d5e00000)
  to   space 1536K, 0% used [0x00000000d5c00000,0x00000000d5c00000,0x00000000d5d80000)
 ParOldGen       total 98304K, used 98229K [0x0000000080000000, 0x0000000086000000, 0x00000000d5580000)
  object space 98304K, 99% used [0x0000000080000000,0x0000000085fed6b0,0x0000000086000000)
 Metaspace       used 78186K, committed 79744K, reserved 1179648K
  class space    used 9284K, committed 9984K, reserved 1048576K
}
Event: 53.642 GC heap after
{Heap after GC invocations=130 (full 3):
 PSYoungGen      total 7168K, used 256K [0x00000000d5580000, 0x00000000d5e00000, 0x0000000100000000)
  eden space 6656K, 0% used [0x00000000d5580000,0x00000000d5580000,0x00000000d5c00000)
  from space 512K, 50% used [0x00000000d5c00000,0x00000000d5c40000,0x00000000d5c80000)
  to   space 1024K, 0% used [0x00000000d5d00000,0x00000000d5d00000,0x00000000d5e00000)
 ParOldGen       total 98816K, used 98527K [0x0000000080000000, 0x0000000086080000, 0x00000000d5580000)
  object space 98816K, 99% used [0x0000000080000000,0x0000000086037dc0,0x0000000086080000)
 Metaspace       used 78186K, committed 79744K, reserved 1179648K
  class space    used 9284K, committed 9984K, reserved 1048576K
}
Event: 55.380 GC heap before
{Heap before GC invocations=131 (full 3):
 PSYoungGen      total 7168K, used 6912K [0x00000000d5580000, 0x00000000d5e00000, 0x0000000100000000)
  eden space 6656K, 100% used [0x00000000d5580000,0x00000000d5c00000,0x00000000d5c00000)
  from space 512K, 50% used [0x00000000d5c00000,0x00000000d5c40000,0x00000000d5c80000)
  to   space 1024K, 0% used [0x00000000d5d00000,0x00000000d5d00000,0x00000000d5e00000)
 ParOldGen       total 98816K, used 98527K [0x0000000080000000, 0x0000000086080000, 0x00000000d5580000)
  object space 98816K, 99% used [0x0000000080000000,0x0000000086037dc0,0x0000000086080000)
 Metaspace       used 78186K, committed 79744K, reserved 1179648K
  class space    used 9284K, committed 9984K, reserved 1048576K
}
Event: 55.383 GC heap after
{Heap after GC invocations=131 (full 3):
 PSYoungGen      total 7168K, used 389K [0x00000000d5580000, 0x00000000d5d80000, 0x0000000100000000)
  eden space 6656K, 0% used [0x00000000d5580000,0x00000000d5580000,0x00000000d5c00000)
  from space 512K, 76% used [0x00000000d5d00000,0x00000000d5d614d8,0x00000000d5d80000)
  to   space 512K, 0% used [0x00000000d5c00000,0x00000000d5c00000,0x00000000d5c80000)
 ParOldGen       total 98816K, used 98591K [0x0000000080000000, 0x0000000086080000, 0x00000000d5580000)
  object space 98816K, 99% used [0x0000000080000000,0x0000000086047dd0,0x0000000086080000)
 Metaspace       used 78186K, committed 79744K, reserved 1179648K
  class space    used 9284K, committed 9984K, reserved 1048576K
}
Event: 55.969 GC heap before
{Heap before GC invocations=132 (full 3):
 PSYoungGen      total 7168K, used 7045K [0x00000000d5580000, 0x00000000d5d80000, 0x0000000100000000)
  eden space 6656K, 100% used [0x00000000d5580000,0x00000000d5c00000,0x00000000d5c00000)
  from space 512K, 76% used [0x00000000d5d00000,0x00000000d5d614d8,0x00000000d5d80000)
  to   space 512K, 0% used [0x00000000d5c00000,0x00000000d5c00000,0x00000000d5c80000)
 ParOldGen       total 98816K, used 98591K [0x0000000080000000, 0x0000000086080000, 0x00000000d5580000)
  object space 98816K, 99% used [0x0000000080000000,0x0000000086047dd0,0x0000000086080000)
 Metaspace       used 78186K, committed 79744K, reserved 1179648K
  class space    used 9284K, committed 9984K, reserved 1048576K
}
Event: 55.971 GC heap after
{Heap after GC invocations=132 (full 3):
 PSYoungGen      total 7168K, used 496K [0x00000000d5580000, 0x00000000d5e00000, 0x0000000100000000)
  eden space 6656K, 0% used [0x00000000d5580000,0x00000000d5580000,0x00000000d5c00000)
  from space 512K, 97% used [0x00000000d5c00000,0x00000000d5c7c398,0x00000000d5c80000)
  to   space 1024K, 0% used [0x00000000d5d00000,0x00000000d5d00000,0x00000000d5e00000)
 ParOldGen       total 99328K, used 98980K [0x0000000080000000, 0x0000000086100000, 0x00000000d5580000)
  object space 99328K, 99% used [0x0000000080000000,0x00000000860a9298,0x0000000086100000)
 Metaspace       used 78186K, committed 79744K, reserved 1179648K
  class space    used 9284K, committed 9984K, reserved 1048576K
}
Event: 56.121 GC heap before
{Heap before GC invocations=133 (full 3):
 PSYoungGen      total 7168K, used 7152K [0x00000000d5580000, 0x00000000d5e00000, 0x0000000100000000)
  eden space 6656K, 100% used [0x00000000d5580000,0x00000000d5c00000,0x00000000d5c00000)
  from space 512K, 97% used [0x00000000d5c00000,0x00000000d5c7c398,0x00000000d5c80000)
  to   space 1024K, 0% used [0x00000000d5d00000,0x00000000d5d00000,0x00000000d5e00000)
 ParOldGen       total 99328K, used 98980K [0x0000000080000000, 0x0000000086100000, 0x00000000d5580000)
  object space 99328K, 99% used [0x0000000080000000,0x00000000860a9298,0x0000000086100000)
 Metaspace       used 78186K, committed 79744K, reserved 1179648K
  class space    used 9284K, committed 9984K, reserved 1048576K
}
Event: 56.123 GC heap after
{Heap after GC invocations=133 (full 3):
 PSYoungGen      total 7680K, used 583K [0x00000000d5580000, 0x00000000d5e00000, 0x0000000100000000)
  eden space 6656K, 0% used [0x00000000d5580000,0x00000000d5580000,0x00000000d5c00000)
  from space 1024K, 57% used [0x00000000d5d00000,0x00000000d5d91f00,0x00000000d5e00000)
  to   space 1024K, 0% used [0x00000000d5c00000,0x00000000d5c00000,0x00000000d5d00000)
 ParOldGen       total 99328K, used 99303K [0x0000000080000000, 0x0000000086100000, 0x00000000d5580000)
  object space 99328K, 99% used [0x0000000080000000,0x00000000860f9df0,0x0000000086100000)
 Metaspace       used 78186K, committed 79744K, reserved 1179648K
  class space    used 9284K, committed 9984K, reserved 1048576K
}
Event: 56.421 GC heap before
{Heap before GC invocations=134 (full 3):
 PSYoungGen      total 7680K, used 7239K [0x00000000d5580000, 0x00000000d5e00000, 0x0000000100000000)
  eden space 6656K, 100% used [0x00000000d5580000,0x00000000d5c00000,0x00000000d5c00000)
  from space 1024K, 57% used [0x00000000d5d00000,0x00000000d5d91f00,0x00000000d5e00000)
  to   space 1024K, 0% used [0x00000000d5c00000,0x00000000d5c00000,0x00000000d5d00000)
 ParOldGen       total 99328K, used 99303K [0x0000000080000000, 0x0000000086100000, 0x00000000d5580000)
  object space 99328K, 99% used [0x0000000080000000,0x00000000860f9df0,0x0000000086100000)
 Metaspace       used 78186K, committed 79744K, reserved 1179648K
  class space    used 9284K, committed 9984K, reserved 1048576K
}
Event: 56.423 GC heap after
{Heap after GC invocations=134 (full 3):
 PSYoungGen      total 7680K, used 288K [0x00000000d5580000, 0x00000000d5d80000, 0x0000000100000000)
  eden space 6656K, 0% used [0x00000000d5580000,0x00000000d5580000,0x00000000d5c00000)
  from space 1024K, 28% used [0x00000000d5c00000,0x00000000d5c48000,0x00000000d5d00000)
  to   space 512K, 0% used [0x00000000d5d00000,0x00000000d5d00000,0x00000000d5d80000)
 ParOldGen       total 99840K, used 99351K [0x0000000080000000, 0x0000000086180000, 0x00000000d5580000)
  object space 99840K, 99% used [0x0000000080000000,0x0000000086105df0,0x0000000086180000)
 Metaspace       used 78186K, committed 79744K, reserved 1179648K
  class space    used 9284K, committed 9984K, reserved 1048576K
}
Event: 56.611 GC heap before
{Heap before GC invocations=135 (full 3):
 PSYoungGen      total 7680K, used 6944K [0x00000000d5580000, 0x00000000d5d80000, 0x0000000100000000)
  eden space 6656K, 100% used [0x00000000d5580000,0x00000000d5c00000,0x00000000d5c00000)
  from space 1024K, 28% used [0x00000000d5c00000,0x00000000d5c48000,0x00000000d5d00000)
  to   space 512K, 0% used [0x00000000d5d00000,0x00000000d5d00000,0x00000000d5d80000)
 ParOldGen       total 99840K, used 99351K [0x0000000080000000, 0x0000000086180000, 0x00000000d5580000)
  object space 99840K, 99% used [0x0000000080000000,0x0000000086105df0,0x0000000086180000)
 Metaspace       used 78186K, committed 79744K, reserved 1179648K
  class space    used 9284K, committed 9984K, reserved 1048576K
}
Event: 56.612 GC heap after
{Heap after GC invocations=135 (full 3):
 PSYoungGen      total 7168K, used 420K [0x00000000d5580000, 0x00000000d5d80000, 0x0000000100000000)
  eden space 6656K, 0% used [0x00000000d5580000,0x00000000d5580000,0x00000000d5c00000)
  from space 512K, 82% used [0x00000000d5d00000,0x00000000d5d69390,0x00000000d5d80000)
  to   space 512K, 0% used [0x00000000d5c80000,0x00000000d5c80000,0x00000000d5d00000)
 ParOldGen       total 99840K, used 99447K [0x0000000080000000, 0x0000000086180000, 0x00000000d5580000)
  object space 99840K, 99% used [0x0000000080000000,0x000000008611de00,0x0000000086180000)
 Metaspace       used 78186K, committed 79744K, reserved 1179648K
  class space    used 9284K, committed 9984K, reserved 1048576K
}
Event: 56.707 GC heap before
{Heap before GC invocations=136 (full 3):
 PSYoungGen      total 7168K, used 7076K [0x00000000d5580000, 0x00000000d5d80000, 0x0000000100000000)
  eden space 6656K, 100% used [0x00000000d5580000,0x00000000d5c00000,0x00000000d5c00000)
  from space 512K, 82% used [0x00000000d5d00000,0x00000000d5d69390,0x00000000d5d80000)
  to   space 512K, 0% used [0x00000000d5c80000,0x00000000d5c80000,0x00000000d5d00000)
 ParOldGen       total 99840K, used 99447K [0x0000000080000000, 0x0000000086180000, 0x00000000d5580000)
  object space 99840K, 99% used [0x0000000080000000,0x000000008611de00,0x0000000086180000)
 Metaspace       used 78186K, committed 79744K, reserved 1179648K
  class space    used 9284K, committed 9984K, reserved 1048576K
}
Event: 56.709 GC heap after
{Heap after GC invocations=136 (full 3):
 PSYoungGen      total 7168K, used 480K [0x00000000d5580000, 0x00000000d5f00000, 0x0000000100000000)
  eden space 6656K, 0% used [0x00000000d5580000,0x00000000d5580000,0x00000000d5c00000)
  from space 512K, 93% used [0x00000000d5c80000,0x00000000d5cf83b8,0x00000000d5d00000)
  to   space 1536K, 0% used [0x00000000d5d80000,0x00000000d5d80000,0x00000000d5f00000)
 ParOldGen       total 100352K, used 100239K [0x0000000080000000, 0x0000000086200000, 0x00000000d5580000)
  object space 100352K, 99% used [0x0000000080000000,0x00000000861e3c78,0x0000000086200000)
 Metaspace       used 78186K, committed 79744K, reserved 1179648K
  class space    used 9284K, committed 9984K, reserved 1048576K
}
Event: 56.852 GC heap before
{Heap before GC invocations=137 (full 3):
 PSYoungGen      total 7168K, used 7136K [0x00000000d5580000, 0x00000000d5f00000, 0x0000000100000000)
  eden space 6656K, 100% used [0x00000000d5580000,0x00000000d5c00000,0x00000000d5c00000)
  from space 512K, 93% used [0x00000000d5c80000,0x00000000d5cf83b8,0x00000000d5d00000)
  to   space 1536K, 0% used [0x00000000d5d80000,0x00000000d5d80000,0x00000000d5f00000)
 ParOldGen       total 100352K, used 100239K [0x0000000080000000, 0x0000000086200000, 0x00000000d5580000)
  object space 100352K, 99% used [0x0000000080000000,0x00000000861e3c78,0x0000000086200000)
 Metaspace       used 78186K, committed 79744K, reserved 1179648K
  class space    used 9284K, committed 9984K, reserved 1048576K
}
Event: 56.853 GC heap after
{Heap after GC invocations=137 (full 3):
 PSYoungGen      total 7168K, used 327K [0x00000000d5580000, 0x00000000d5e00000, 0x0000000100000000)
  eden space 6656K, 0% used [0x00000000d5580000,0x00000000d5580000,0x00000000d5c00000)
  from space 512K, 63% used [0x00000000d5d80000,0x00000000d5dd1cb0,0x00000000d5e00000)
  to   space 1024K, 0% used [0x00000000d5c00000,0x00000000d5c00000,0x00000000d5d00000)
 ParOldGen       total 100864K, used 100419K [0x0000000080000000, 0x0000000086280000, 0x00000000d5580000)
  object space 100864K, 99% used [0x0000000080000000,0x0000000086210ef8,0x0000000086280000)
 Metaspace       used 78186K, committed 79744K, reserved 1179648K
  class space    used 9284K, committed 9984K, reserved 1048576K
}
Event: 57.532 GC heap before
{Heap before GC invocations=138 (full 3):
 PSYoungGen      total 7168K, used 6983K [0x00000000d5580000, 0x00000000d5e00000, 0x0000000100000000)
  eden space 6656K, 100% used [0x00000000d5580000,0x00000000d5c00000,0x00000000d5c00000)
  from space 512K, 63% used [0x00000000d5d80000,0x00000000d5dd1cb0,0x00000000d5e00000)
  to   space 1024K, 0% used [0x00000000d5c00000,0x00000000d5c00000,0x00000000d5d00000)
 ParOldGen       total 100864K, used 100419K [0x0000000080000000, 0x0000000086280000, 0x00000000d5580000)
  object space 100864K, 99% used [0x0000000080000000,0x0000000086210ef8,0x0000000086280000)
 Metaspace       used 78419K, committed 80000K, reserved 1179648K
  class space    used 9313K, committed 9984K, reserved 1048576K
}
Event: 57.535 GC heap after
{Heap after GC invocations=138 (full 3):
 PSYoungGen      total 7680K, used 416K [0x00000000d5580000, 0x00000000d5e00000, 0x0000000100000000)
  eden space 6656K, 0% used [0x00000000d5580000,0x00000000d5580000,0x00000000d5c00000)
  from space 1024K, 40% used [0x00000000d5c00000,0x00000000d5c68000,0x00000000d5d00000)
  to   space 512K, 0% used [0x00000000d5d80000,0x00000000d5d80000,0x00000000d5e00000)
 ParOldGen       total 100864K, used 100475K [0x0000000080000000, 0x0000000086280000, 0x00000000d5580000)
  object space 100864K, 99% used [0x0000000080000000,0x000000008621ef08,0x0000000086280000)
 Metaspace       used 78419K, committed 80000K, reserved 1179648K
  class space    used 9313K, committed 9984K, reserved 1048576K
}

