# JRE version: OpenJDK Runtime Environment (21.0.9) (build 21.0.9+-14649483-b1163.86)
# Java VM: OpenJDK 64-Bit Server VM (21.0.9+-14649483-b1163.86, mixed mode, tiered, compressed oops, compressed class ptrs, g1 gc, windows-amd64)
GC Precious Log:
 CardTable entry size: 512
 Card Set container configuration: InlinePtr #cards 5 size 8 Array Of Cards #cards 12 size 40 Howl #buckets 4 coarsen threshold 1843 Howl Bitmap #cards 512 size 80 coarsen threshold 460 Card regions per heap region 1 cards per card region 2048
 CPUs: 12 total, 12 available
 Memory: 7916M
 Large Page Support: Disabled
 NUMA Support: Disabled
 Compressed Oops: Enabled (32-bit)
 Heap Region Size: 1M
 Heap Min Capacity: 8M
 Heap Initial Capacity: 124M
 Heap Max Capacity: 2G
 Pre-touch: Disabled
 Parallel Workers: 10
 Concurrent Workers: 3
 Concurrent Refinement Workers: 10
 Periodic GC: Disabled
Heap:
 garbage-first heap   total 504832K, used 191422K [0x0000000080000000, 0x0000000100000000)
  region size 1024K, 3 young (3072K), 3 survivors (3072K)
 Metaspace       used 175094K, committed 176832K, reserved 1245184K
  class space    used 24099K, committed 24960K, reserved 1048576K
GC Heap History (20 events):
Event: 13598.704 GC heap after
{Heap after GC invocations=240 (full 0):
 garbage-first heap   total 504832K, used 193969K [0x0000000080000000, 0x0000000100000000)
  region size 1024K, 2 young (2048K), 2 survivors (2048K)
 Metaspace       used 174851K, committed 176448K, reserved 1245184K
  class space    used 24091K, committed 24896K, reserved 1048576K
}
Event: 13733.522 GC heap before
{Heap before GC invocations=240 (full 0):
 garbage-first heap   total 504832K, used 471473K [0x0000000080000000, 0x0000000100000000)
  region size 1024K, 274 young (280576K), 2 survivors (2048K)
 Metaspace       used 174954K, committed 176640K, reserved 1245184K
  class space    used 24097K, committed 24896K, reserved 1048576K
}
Event: 13735.536 GC heap after
{Heap after GC invocations=241 (full 0):
 garbage-first heap   total 504832K, used 204429K [0x0000000080000000, 0x0000000100000000)
  region size 1024K, 12 young (12288K), 12 survivors (12288K)
 Metaspace       used 174954K, committed 176640K, reserved 1245184K
  class space    used 24097K, committed 24896K, reserved 1048576K
}
Event: 13741.921 GC heap before
{Heap before GC invocations=241 (full 0):
 garbage-first heap   total 504832K, used 215693K [0x0000000080000000, 0x0000000100000000)
  region size 1024K, 24 young (24576K), 12 survivors (12288K)
 Metaspace       used 174955K, committed 176640K, reserved 1245184K
  class space    used 24097K, committed 24896K, reserved 1048576K
}
Event: 13742.145 GC heap after
{Heap after GC invocations=242 (full 0):
 garbage-first heap   total 504832K, used 206437K [0x0000000080000000, 0x0000000100000000)
  region size 1024K, 2 young (2048K), 2 survivors (2048K)
 Metaspace       used 174955K, committed 176640K, reserved 1245184K
  class space    used 24097K, committed 24896K, reserved 1048576K
}
Event: 13768.452 GC heap before
{Heap before GC invocations=242 (full 0):
 garbage-first heap   total 504832K, used 216677K [0x0000000080000000, 0x0000000100000000)
  region size 1024K, 24 young (24576K), 2 survivors (2048K)
 Metaspace       used 174952K, committed 176640K, reserved 1245184K
  class space    used 24093K, committed 24896K, reserved 1048576K
}
Event: 13768.493 GC heap after
{Heap after GC invocations=243 (full 0):
 garbage-first heap   total 504832K, used 194395K [0x0000000080000000, 0x0000000100000000)
  region size 1024K, 3 young (3072K), 3 survivors (3072K)
 Metaspace       used 174952K, committed 176640K, reserved 1245184K
  class space    used 24093K, committed 24896K, reserved 1048576K
}
Event: 13779.356 GC heap before
{Heap before GC invocations=244 (full 0):
 garbage-first heap   total 504832K, used 215899K [0x0000000080000000, 0x0000000100000000)
  region size 1024K, 24 young (24576K), 3 survivors (3072K)
 Metaspace       used 175018K, committed 176704K, reserved 1245184K
  class space    used 24097K, committed 24896K, reserved 1048576K
}
Event: 13779.434 GC heap after
{Heap after GC invocations=245 (full 0):
 garbage-first heap   total 504832K, used 197900K [0x0000000080000000, 0x0000000100000000)
  region size 1024K, 3 young (3072K), 3 survivors (3072K)
 Metaspace       used 175018K, committed 176704K, reserved 1245184K
  class space    used 24097K, committed 24896K, reserved 1048576K
}
Event: 13782.637 GC heap before
{Heap before GC invocations=245 (full 0):
 garbage-first heap   total 504832K, used 219404K [0x0000000080000000, 0x0000000100000000)
  region size 1024K, 24 young (24576K), 3 survivors (3072K)
 Metaspace       used 175022K, committed 176704K, reserved 1245184K
  class space    used 24097K, committed 24896K, reserved 1048576K
}
Event: 13782.762 GC heap after
{Heap after GC invocations=246 (full 0):
 garbage-first heap   total 504832K, used 195638K [0x0000000080000000, 0x0000000100000000)
  region size 1024K, 1 young (1024K), 1 survivors (1024K)
 Metaspace       used 175022K, committed 176704K, reserved 1245184K
  class space    used 24097K, committed 24896K, reserved 1048576K
}
Event: 13791.919 GC heap before
{Heap before GC invocations=246 (full 0):
 garbage-first heap   total 504832K, used 219190K [0x0000000080000000, 0x0000000100000000)
  region size 1024K, 24 young (24576K), 1 survivors (1024K)
 Metaspace       used 175026K, committed 176704K, reserved 1245184K
  class space    used 24097K, committed 24896K, reserved 1048576K
}
Event: 13791.946 GC heap after
{Heap after GC invocations=247 (full 0):
 garbage-first heap   total 504832K, used 193093K [0x0000000080000000, 0x0000000100000000)
  region size 1024K, 1 young (1024K), 1 survivors (1024K)
 Metaspace       used 175026K, committed 176704K, reserved 1245184K
  class space    used 24097K, committed 24896K, reserved 1048576K
}
Event: 13807.238 GC heap before
{Heap before GC invocations=247 (full 0):
 garbage-first heap   total 504832K, used 216645K [0x0000000080000000, 0x0000000100000000)
  region size 1024K, 24 young (24576K), 1 survivors (1024K)
 Metaspace       used 175049K, committed 176704K, reserved 1245184K
  class space    used 24097K, committed 24896K, reserved 1048576K
}
Event: 13807.685 GC heap after
{Heap after GC invocations=248 (full 0):
 garbage-first heap   total 504832K, used 190640K [0x0000000080000000, 0x0000000100000000)
  region size 1024K, 1 young (1024K), 1 survivors (1024K)
 Metaspace       used 175049K, committed 176704K, reserved 1245184K
  class space    used 24097K, committed 24896K, reserved 1048576K
}
Event: 13810.481 GC heap before
{Heap before GC invocations=248 (full 0):
 garbage-first heap   total 504832K, used 214192K [0x0000000080000000, 0x0000000100000000)
  region size 1024K, 24 young (24576K), 1 survivors (1024K)
 Metaspace       used 175050K, committed 176704K, reserved 1245184K
  class space    used 24097K, committed 24896K, reserved 1048576K
}
Event: 13810.520 GC heap after
{Heap after GC invocations=249 (full 0):
 garbage-first heap   total 504832K, used 188451K [0x0000000080000000, 0x0000000100000000)
  region size 1024K, 2 young (2048K), 2 survivors (2048K)
 Metaspace       used 175050K, committed 176704K, reserved 1245184K
  class space    used 24097K, committed 24896K, reserved 1048576K
}
Event: 13813.086 GC heap before
{Heap before GC invocations=249 (full 0):
 garbage-first heap   total 504832K, used 210979K [0x0000000080000000, 0x0000000100000000)
  region size 1024K, 24 young (24576K), 2 survivors (2048K)
 Metaspace       used 175067K, committed 176704K, reserved 1245184K
  class space    used 24097K, committed 24896K, reserved 1048576K
}
Event: 13813.208 GC heap after
{Heap after GC invocations=250 (full 0):
 garbage-first heap   total 504832K, used 189065K [0x0000000080000000, 0x0000000100000000)
  region size 1024K, 3 young (3072K), 3 survivors (3072K)
 Metaspace       used 175067K, committed 176704K, reserved 1245184K
  class space    used 24097K, committed 24896K, reserved 1048576K
}
Event: 13815.639 GC heap before
{Heap before GC invocations=250 (full 0):
 garbage-first heap   total 504832K, used 210569K [0x0000000080000000, 0x0000000100000000)
  region size 1024K, 24 young (24576K), 3 survivors (3072K)
 Metaspace       used 175094K, committed 176832K, reserved 1245184K
  class space    used 24099K, committed 24960K, reserved 1048576K
}

